Base path: F:/unity/2018.4.7f1/Editor/Data
Cmd: initializeCompiler
Cmd: compileComputeKernel
  api=4 insize=1230 outsize=821 ok=1
Cmd: compileComputeKernel
  api=4 insize=3190 outsize=47805 ok=1
Cmd: compileComputeKernel
  api=9 insize=5017 outsize=7409 ok=1
Cmd: compileComputeKernel
  api=4 insize=18337 outsize=8553 ok=1
Cmd: compileComputeKernel
  api=4 insize=1914 outsize=553 ok=1
Cmd: compileComputeKernel
  api=4 insize=2098 outsize=1037 ok=1
Cmd: initializeCompiler
Cmd: initializeCompiler
Cmd: initializeCompiler
Cmd: initializeCompiler
Cmd: initializeCompiler
Cmd: initializeCompiler
Cmd: initializeCompiler
Cmd: initializeCompiler
Cmd: initializeCompiler
Cmd: initializeCompiler
Cmd: initializeCompiler
Cmd: initializeCompiler
Cmd: initializeCompiler
Cmd: initializeCompiler
Cmd: initializeCompiler
Cmd: initializeCompiler

Quitting shader compiler process
