Base path: F:/unity/2018.4.7f1/Editor/Data
Cmd: initializeCompiler
Cmd: compileComputeKernel
  api=4 insize=2167 outsize=349 ok=1
Cmd: compileComputeKernel
  api=4 insize=10935 outsize=10593 ok=1
Cmd: compileComputeKernel
  api=9 insize=5017 outsize=10601 ok=1
Cmd: compileComputeKernel
  api=4 insize=5017 outsize=9169 ok=1
Cmd: compileComputeKernel
  api=4 insize=18337 outsize=8545 ok=1
Cmd: initializeCompiler
Cmd: initializeCompiler
Cmd: initializeCompiler
Cmd: initializeCompiler
Cmd: initializeCompiler
Cmd: initializeCompiler
Cmd: initializeCompiler
Cmd: initializeCompiler
Cmd: initializeCompiler
Cmd: initializeCompiler
Cmd: initializeCompiler
Cmd: initializeCompiler
Cmd: initializeCompiler
Cmd: initializeCompiler
Cmd: initializeCompiler
Cmd: initializeCompiler

Quitting shader compiler process
