Base path: F:/unity/2018.4.7f1/Editor/Data
Cmd: initializeCompiler
Cmd: compileComputeKernel
  api=4 insize=3190 outsize=48145 ok=1
Cmd: compileComputeKernel
  api=4 insize=10935 outsize=10437 ok=1
Cmd: compileComputeKernel
  api=9 insize=5017 outsize=17445 ok=1
Cmd: compileComputeKernel
  api=4 insize=5017 outsize=3733 ok=1
Cmd: compileComputeKernel
  api=4 insize=3450 outsize=2581 ok=1
Cmd: compileComputeKernel
  api=4 insize=18337 outsize=8681 ok=1
Cmd: initializeCompiler
Cmd: initializeCompiler
Cmd: initializeCompiler
Cmd: initializeCompiler
Cmd: initializeCompiler
Cmd: initializeCompiler
Cmd: initializeCompiler
Cmd: initializeCompiler
Cmd: initializeCompiler
Cmd: initializeCompiler
Cmd: initializeCompiler
Cmd: initializeCompiler
Cmd: initializeCompiler
Cmd: initializeCompiler
Cmd: initializeCompiler
Cmd: initializeCompiler

Quitting shader compiler process
