Base path: F:/unity/2018.4.7f1/Editor/Data
Cmd: initializeCompiler
Cmd: compileComputeKernel
  api=4 insize=3450 outsize=2681 ok=1
Cmd: compileComputeKernel
  api=4 insize=18337 outsize=10769 ok=1
Cmd: compileComputeKernel
  api=4 insize=5489 outsize=6445 ok=1
Cmd: compileComputeKernel
  api=4 insize=1562 outsize=597 ok=1
Cmd: initializeCompiler
Cmd: initializeCompiler
Cmd: initializeCompiler
Cmd: initializeCompiler
Cmd: initializeCompiler
Cmd: initializeCompiler
Cmd: initializeCompiler
Cmd: initializeCompiler
Cmd: initializeCompiler
Cmd: initializeCompiler
Cmd: initializeCompiler
Cmd: initializeCompiler
Cmd: initializeCompiler
Cmd: initializeCompiler
Cmd: initializeCompiler
Cmd: initializeCompiler

Quitting shader compiler process
